1727173984093	geckodriver	INFO	Listening on 127.0.0.1:60772
1727173987101	mozrunner::runner	INFO	Running command: "C:\\Program Files\\Mozilla Firefox\\firefox.exe" "--marionette" "--remote-debugging-port" "60773" "--remote-allow-hosts" "localhost" "-no-remote" "-profile" "C:\\Users\\KManu1\\AppData\\Local\\Temp\\rust_mozprofiledoWKiR"
console.warn: services.settings: Ignoring preference override of remote settings server
console.warn: services.settings: Allow by setting MOZ_REMOTE_SETTINGS_DEVTOOLS=1 in the environment
Dynamically enable window occlusion 0
1727173987820	Marionette	INFO	Marionette enabled
1727173988041	Marionette	INFO	Listening on port 60783
WebDriver BiDi listening on ws://127.0.0.1:60773
Read port: 60783
1727173988220	RemoteAgent	WARN	TLS certificate errors will be ignored for this session
console.warn: LoginRecipes: "Falling back to a synchronous message for: https://rahulshettyacademy.com."
JavaScript warning: https://pagead2.googlesyndication.com/bg/rLf1Gpenztk0esH-1br5v0Wj9PuSaDbKfN9NV3M-aVc.js line 2 > eval line 1761 > eval line 1 > eval line 1 > eval, line 1: WEBGL_debug_renderer_info is deprecated in Firefox and will be removed. Please use RENDERER.
JavaScript error: resource://gre/modules/ServiceRequest.sys.mjs, line 98: TypeError: Services.policies.getActivePolicies().filter is not a function
1727174069294	Marionette	INFO	Stopped listening on port 60783
Dynamically enable window occlusion 1
1727174407160	geckodriver	INFO	Listening on 127.0.0.1:62786
1727174410190	mozrunner::runner	INFO	Running command: "C:\\Program Files\\Mozilla Firefox\\firefox.exe" "--marionette" "--remote-debugging-port" "62787" "--remote-allow-hosts" "localhost" "-no-remote" "-profile" "C:\\Users\\KManu1\\AppData\\Local\\Temp\\rust_mozprofileBhPH5f"
console.warn: services.settings: Ignoring preference override of remote settings server
console.warn: services.settings: Allow by setting MOZ_REMOTE_SETTINGS_DEVTOOLS=1 in the environment
Dynamically enable window occlusion 0
1727174410724	Marionette	INFO	Marionette enabled
1727174410923	Marionette	INFO	Listening on port 62798
WebDriver BiDi listening on ws://127.0.0.1:62787
Read port: 62798
1727174411084	RemoteAgent	WARN	TLS certificate errors will be ignored for this session
console.warn: LoginRecipes: "Falling back to a synchronous message for: https://rahulshettyacademy.com."
JavaScript warning: https://pagead2.googlesyndication.com/bg/rLf1Gpenztk0esH-1br5v0Wj9PuSaDbKfN9NV3M-aVc.js line 2 > eval line 7494 > eval line 1 > eval line 1 > eval, line 1: WEBGL_debug_renderer_info is deprecated in Firefox and will be removed. Please use RENDERER.
1727174424407	Marionette	INFO	Stopped listening on port 62798
Dynamically enable window occlusion 1
